<?xml version="1.0" encoding="UTF-8"?>
<!-- Generated by org.testng.reporters.JUnitReportReporter -->
<testsuite hostname="DESKTOP-PSK9T3U" failures="0" tests="3" name="Runner.TestApplication" time="56.788" errors="0" timestamp="2023-03-28T14:32:33 IST" skipped="0">
  <testcase classname="Runner.TestApplication" name="runScenario" time="24.074"/>
  <system-out/>
  <testcase classname="Runner.TestApplication" name="runScenario" time="13.097"/>
  <system-out/>
  <testcase classname="Runner.TestApplication" name="runScenario" time="19.617"/>
  <system-out/>
</testsuite> <!-- Runner.TestApplication -->
