<?xml version="1.0" encoding="UTF-8"?>
<!-- Generated by org.testng.reporters.JUnitReportReporter -->
<testsuite hostname="DESKTOP-PSK9T3J" failures="0" tests="1" name="Runner.TestApplication" time="128.976" errors="0" timestamp="2023-06-13T17:56:55 IST" skipped="0">
  <testcase classname="Runner.TestApplication" name="runScenario" time="128.976"/>
  <system-out/>
</testsuite> <!-- Runner.TestApplication -->
