<?xml version="1.0" encoding="UTF-8"?>
<!-- Generated by org.testng.reporters.JUnitReportReporter -->
<testsuite hostname="DESKTOP-PSK9T3J" failures="0" tests="2" name="Runner.TestApplication" time="133.023" errors="0" timestamp="2023-07-06T17:48:38 IST" skipped="0">
  <testcase classname="Runner.TestApplication" name="runScenario" time="60.227"/>
  <system-out/>
  <testcase classname="Runner.TestApplication" name="runScenario" time="72.796"/>
  <system-out/>
</testsuite> <!-- Runner.TestApplication -->
