<?xml version="1.0" encoding="UTF-8"?>
<!-- Generated by org.testng.reporters.JUnitReportReporter -->
<testsuite hostname="DESKTOP-PSK9T3J" failures="0" tests="1" name="Runner.TestApplication" time="105.207" errors="0" timestamp="2023-05-30T18:37:56 IST" skipped="0">
  <testcase classname="Runner.TestApplication" name="runScenario" time="105.207"/>
  <system-out/>
</testsuite> <!-- Runner.TestApplication -->
