<?xml version="1.0" encoding="UTF-8"?>
<!-- Generated by org.testng.reporters.JUnitReportReporter -->
<testsuite hostname="DESKTOP-PSK9T3D" failures="0" tests="1" name="Runner.TestApplication" time="94.647" errors="0" timestamp="2023-06-01T10:46:12 IST" skipped="0">
  <testcase classname="Runner.TestApplication" name="runScenario" time="94.647"/>
  <system-out/>
</testsuite> <!-- Runner.TestApplication -->
