<?xml version="1.0" encoding="UTF-8"?>
<!-- Generated by org.testng.reporters.JUnitReportReporter -->
<testsuite hostname="DESKTOP-PSK9T3G" failures="0" tests="1" name="Runner.NewExcelTestRunner" time="9837.771" errors="0" timestamp="2023-06-30T15:46:35 IST" skipped="0">
  <testcase classname="Runner.NewExcelTestRunner" name="test" time="9837.771"/>
  <system-out/>
</testsuite> <!-- Runner.NewExcelTestRunner -->
