<?xml version="1.0" encoding="UTF-8"?>
<!-- Generated by org.testng.reporters.JUnitReportReporter -->
<testsuite hostname="DESKTOP-PSK9T3U" failures="0" tests="1" name="Runner.TestApplication" time="159.026" errors="0" timestamp="2023-06-02T10:38:30 IST" skipped="0">
  <testcase classname="Runner.TestApplication" name="runScenario" time="159.026"/>
  <system-out/>
</testsuite> <!-- Runner.TestApplication -->
