<?xml version="1.0" encoding="UTF-8"?>
<!-- Generated by org.testng.reporters.JUnitReportReporter -->
<testsuite hostname="DESKTOP-PSK9T3U" failures="0" tests="1" name="Runner.TestApplication" time="79.161" errors="0" timestamp="2023-06-17T15:38:31 AST" skipped="0">
  <testcase classname="Runner.TestApplication" name="runScenario" time="79.161"/>
  <system-out/>
</testsuite> <!-- Runner.TestApplication -->
