<?xml version="1.0" encoding="UTF-8"?>
<!-- Generated by org.testng.reporters.JUnitReportReporter -->
<testsuite hostname="DESKTOP-7DAGK3H" failures="0" tests="1" name="Runner.NewExcelTestRunner" time="161.381" errors="0" timestamp="2023-06-18T19:18:37 IST" skipped="0">
  <testcase classname="Runner.NewExcelTestRunner" name="test" time="161.381"/>
  <system-out/>
</testsuite> <!-- Runner.NewExcelTestRunner -->
