<?xml version="1.0" encoding="UTF-8"?>
<!-- Generated by org.testng.reporters.JUnitReportReporter -->
<testsuite hostname="DESKTOP-PSK9T3H" failures="0" tests="1" name="Runner.MultipleTagsRun" time="54.640" errors="0" timestamp="2023-07-06T12:16:20 IST" skipped="0">
  <testcase classname="Runner.MultipleTagsRun" name="test" time="54.640"/>
  <system-out/>
</testsuite> <!-- Runner.MultipleTagsRun -->
