<?xml version="1.0" encoding="UTF-8"?>
<!-- Generated by org.testng.reporters.JUnitReportReporter -->
<testsuite hostname="DESKTOP-PSK9T3H" failures="0" tests="1" name="Runner.MultipleTagsRun" time="151.625" errors="0" timestamp="2023-06-28T15:13:48 IST" skipped="0">
  <testcase classname="Runner.MultipleTagsRun" name="test" time="151.625"/>
  <system-out/>
</testsuite> <!-- Runner.MultipleTagsRun -->
