<?xml version="1.0" encoding="UTF-8"?>
<!-- Generated by org.testng.reporters.JUnitReportReporter -->
<testsuite hostname="DESKTOP-PSK9T3H" failures="0" tests="1" name="Runner.TestApplication" time="110.856" errors="0" timestamp="2023-06-23T13:32:50 IST" skipped="0">
  <testcase classname="Runner.TestApplication" name="runScenario" time="110.856"/>
  <system-out/>
</testsuite> <!-- Runner.TestApplication -->
