<?xml version="1.0" encoding="UTF-8"?>
<!-- Generated by org.testng.reporters.JUnitReportReporter -->
<testsuite hostname="DESKTOP-PSK9T3H" failures="0" tests="1" name="Runner.MultipleTagsRun" time="219.379" errors="0" timestamp="2023-06-23T17:48:55 IST" skipped="0">
  <testcase classname="Runner.MultipleTagsRun" name="test" time="219.379"/>
  <system-out/>
</testsuite> <!-- Runner.MultipleTagsRun -->
