<?xml version="1.0" encoding="UTF-8"?>
<!-- Generated by org.testng.reporters.JUnitReportReporter -->
<testsuite hostname="DESKTOP-PSK9T3H" failures="0" tests="1" name="Runner.TestApplication" time="92.148" errors="0" timestamp="2023-06-09T15:39:39 IST" skipped="0">
  <testcase classname="Runner.TestApplication" name="runScenario" time="92.148"/>
  <system-out/>
</testsuite> <!-- Runner.TestApplication -->
