<?xml version="1.0" encoding="UTF-8"?>
<!-- Generated by org.testng.reporters.JUnitReportReporter -->
<testsuite hostname="DESKTOP-PSK9T3H" failures="0" tests="1" name="Runner.MultipleTagsRun" time="196.963" errors="0" timestamp="2023-06-14T13:23:07 IST" skipped="0">
  <testcase classname="Runner.MultipleTagsRun" name="test" time="196.963"/>
  <system-out/>
</testsuite> <!-- Runner.MultipleTagsRun -->
