<?xml version="1.0" encoding="UTF-8"?>
<!-- Generated by org.testng.reporters.JUnitReportReporter -->
<testsuite hostname="DESKTOP-PSK9T3H" failures="0" tests="1" name="Runner.MultipleTagsRun" time="531.254" errors="0" timestamp="2023-06-09T17:08:03 IST" skipped="0">
  <testcase classname="Runner.MultipleTagsRun" name="test" time="531.254"/>
  <system-out/>
</testsuite> <!-- Runner.MultipleTagsRun -->
