<?xml version="1.0" encoding="UTF-8"?>
<!-- Generated by org.testng.reporters.JUnitReportReporter -->
<testsuite hostname="DESKTOP-PSK9T3S" failures="0" tests="1" name="Runner.MultipleRunner" time="239.921" errors="0" timestamp="2023-07-12T17:06:29 IST" skipped="0">
  <testcase classname="Runner.MultipleRunner" name="test" time="239.921"/>
  <system-out/>
</testsuite> <!-- Runner.MultipleRunner -->
