<?xml version="1.0" encoding="UTF-8"?>
<!-- Generated by org.testng.reporters.JUnitReportReporter -->
<testsuite hostname="DESKTOP-PSK9T3S" failures="0" tests="1" name="Runner.MultipleRunner" time="178.095" errors="0" timestamp="2023-06-12T17:37:01 IST" skipped="0">
  <testcase classname="Runner.MultipleRunner" name="test" time="178.095"/>
  <system-out/>
</testsuite> <!-- Runner.MultipleRunner -->
