<?xml version="1.0" encoding="UTF-8"?>
<!-- Generated by org.testng.reporters.JUnitReportReporter -->
<testsuite hostname="DESKTOP-PSK9T3S" failures="0" tests="1" name="Runner.TestApplication" time="94.667" errors="0" timestamp="2023-07-07T17:37:34 IST" skipped="0">
  <testcase classname="Runner.TestApplication" name="runScenario" time="94.667"/>
  <system-out/>
</testsuite> <!-- Runner.TestApplication -->
