<?xml version="1.0" encoding="UTF-8"?>
<!-- Generated by org.testng.reporters.JUnitReportReporter -->
<testsuite hostname="DESKTOP-PSK9T3S" failures="3" tests="5" name="Runner.TestApplication" time="661.478" errors="0" timestamp="2023-06-29T14:53:59 IST" skipped="0">
  <testcase classname="Runner.TestApplication" name="runScenario" time="148.036">
    <failure message="Cannot invoke &quot;java.util.Map.get(Object)&quot; because &quot;this.testData&quot; is null" type="java.lang.AssertionError">
      <![CDATA[java.lang.AssertionError: Cannot invoke "java.util.Map.get(Object)" because "this.testData" is null
at org.testng.Assert.fail(Assert.java:99)
at stepdefinitions.Transaction_steps.user_enter_the_code_in_inputfield_on_updateafterapprove_screen_under_transactiontype(Transaction_steps.java:1059)
at ✽.user Enter the code in inputfield on updateafterapprove screen under transactiontype(file:///C:/Users/inindc00606/git/Karthik_CSM/CSM_Karthi/src/test/java/features/CSM_feature_Chequebook_Request.feature:92)
]]>
    </failure>
  </testcase> <!-- runScenario -->
  <system-out/>
  <testcase classname="Runner.TestApplication" name="runScenario" time="136.372">
    <failure message="Cannot invoke &quot;java.util.Map.get(Object)&quot; because &quot;this.testData&quot; is null" type="java.lang.AssertionError">
      <![CDATA[java.lang.AssertionError: Cannot invoke "java.util.Map.get(Object)" because "this.testData" is null
at org.testng.Assert.fail(Assert.java:99)
at stepdefinitions.Transaction_steps.user_enter_the_code_in_inputfield_on_updateafterapprove_screen_under_transactiontype(Transaction_steps.java:1059)
at ✽.user Enter the code in inputfield on updateafterapprove screen under transactiontype(file:///C:/Users/inindc00606/git/Karthik_CSM/CSM_Karthi/src/test/java/features/CSM_feature_Chequebook_Request.feature:226)
]]>
    </failure>
  </testcase> <!-- runScenario -->
  <system-out/>
  <testcase classname="Runner.TestApplication" name="runScenario" time="115.439"/>
  <system-out/>
  <testcase classname="Runner.TestApplication" name="runScenario" time="123.735"/>
  <system-out/>
  <testcase classname="Runner.TestApplication" name="runScenario" time="137.896">
    <failure message="Cannot invoke &quot;java.util.Map.get(Object)&quot; because &quot;this.testData&quot; is null" type="java.lang.AssertionError">
      <![CDATA[java.lang.AssertionError: Cannot invoke "java.util.Map.get(Object)" because "this.testData" is null
at org.testng.Assert.fail(Assert.java:99)
at stepdefinitions.Transaction_steps.user_enter_the_code_in_inputfield_on_updateafterapprove_screen_under_transactiontype(Transaction_steps.java:1059)
at ✽.user Enter the code in inputfield on updateafterapprove screen under transactiontype(file:///C:/Users/inindc00606/git/Karthik_CSM/CSM_Karthi/src/test/java/features/CSM_feature_Chequebook_Request.feature:159)
]]>
    </failure>
  </testcase> <!-- runScenario -->
  <system-out/>
</testsuite> <!-- Runner.TestApplication -->
