<?xml version="1.0" encoding="UTF-8"?>
<!-- Generated by org.testng.reporters.JUnitReportReporter -->
<testsuite hostname="DESKTOP-PSK9T3S" failures="0" tests="1" name="Runner.TestApplication" time="120.872" errors="0" timestamp="2023-06-16T17:50:24 IST" skipped="0">
  <testcase classname="Runner.TestApplication" name="runScenario" time="120.872"/>
  <system-out/>
</testsuite> <!-- Runner.TestApplication -->
