<?xml version="1.0" encoding="UTF-8"?>
<!-- Generated by org.testng.reporters.JUnitReportReporter -->
<testsuite hostname="DESKTOP-PSK9T3S" failures="0" tests="1" name="Runner.MultipleRunner" time="309.792" errors="0" timestamp="2023-06-15T18:56:29 IST" skipped="0">
  <testcase classname="Runner.MultipleRunner" name="test" time="309.792"/>
  <system-out/>
</testsuite> <!-- Runner.MultipleRunner -->
