<?xml version="1.0" encoding="UTF-8"?>
<!-- Generated by org.testng.reporters.JUnitReportReporter -->
<testsuite hostname="DESKTOP-PSK9T3S" failures="0" tests="1" name="Runner.TestApplication" time="89.632" errors="0" timestamp="2023-07-12T18:17:06 IST" skipped="0">
  <testcase classname="Runner.TestApplication" name="runScenario" time="89.632"/>
  <system-out/>
</testsuite> <!-- Runner.TestApplication -->
