<?xml version="1.0" encoding="UTF-8"?>
<!-- Generated by org.testng.reporters.JUnitReportReporter -->
<testsuite hostname="DESKTOP-PSK9T3U" failures="0" tests="1" name="Runner.MultipleTagsRun" time="1.477" errors="0" timestamp="2023-06-09T13:29:18 IST" skipped="0">
  <testcase classname="Runner.MultipleTagsRun" name="test" time="1.477"/>
  <system-out/>
</testsuite> <!-- Runner.MultipleTagsRun -->
