<?xml version="1.0" encoding="UTF-8"?>
<!-- Generated by org.testng.reporters.JUnitReportReporter -->
<testsuite hostname="DESKTOP-PSK9T3U" failures="0" tests="1" name="Runner.TestApplication" time="84.158" errors="0" timestamp="2023-06-16T15:24:04 IST" skipped="0">
  <testcase classname="Runner.TestApplication" name="runScenario" time="84.158"/>
  <system-out/>
</testsuite> <!-- Runner.TestApplication -->
