<?xml version="1.0" encoding="UTF-8"?>
<!-- Generated by org.testng.reporters.JUnitReportReporter -->
<testsuite hostname="DESKTOP-PSK9T3U" failures="0" tests="1" name="Runner.TestApplication" time="32.214" errors="0" timestamp="2023-04-13T12:43:58 IST" skipped="0">
  <testcase classname="Runner.TestApplication" name="runScenario" time="32.214"/>
  <system-out/>
</testsuite> <!-- Runner.TestApplication -->
