<?xml version="1.0" encoding="UTF-8"?>
<!-- Generated by org.testng.reporters.JUnitReportReporter -->
<testsuite hostname="PSK9T3U-DESKTOP" failures="0" tests="1" name="Runner.TestApplication" time="56.585" errors="0" timestamp="2023-04-19T12:30:53 IST" skipped="0">
  <testcase classname="Runner.TestApplication" name="runScenario" time="56.585"/>
  <system-out/>
</testsuite> <!-- Runner.TestApplication -->
