<?xml version="1.0" encoding="UTF-8"?>
<!-- Generated by org.testng.reporters.JUnitReportReporter -->
<testsuite hostname="DESKTOP-PSK9T3U" failures="0" tests="1" name="Runner.NewExcelTestRunner" time="241.023" errors="0" timestamp="2023-06-30T16:20:05 IST" skipped="0">
  <testcase classname="Runner.NewExcelTestRunner" name="test" time="241.023"/>
  <system-out/>
</testsuite> <!-- Runner.NewExcelTestRunner -->
