<?xml version="1.0" encoding="UTF-8"?>
<!-- Generated by org.testng.reporters.JUnitReportReporter -->
<testsuite hostname="DESKTOP-PSK9T3U" failures="0" tests="4" name="Runner.TestApplication" time="274.043" errors="0" timestamp="2023-04-07T18:15:34 IST" skipped="0">
  <testcase classname="Runner.TestApplication" name="runScenario" time="60.959"/>
  <system-out/>
  <testcase classname="Runner.TestApplication" name="runScenario" time="69.121"/>
  <system-out/>
  <testcase classname="Runner.TestApplication" name="runScenario" time="83.728"/>
  <system-out/>
  <testcase classname="Runner.TestApplication" name="runScenario" time="60.235"/>
  <system-out/>
</testsuite> <!-- Runner.TestApplication -->
