<?xml version="1.0" encoding="UTF-8"?>
<!-- Generated by org.testng.reporters.JUnitReportReporter -->
<testsuite hostname="DESKTOP-PSK9T3U" failures="0" tests="1" name="Runner.NewExcelTestRunner" time="2527.529" errors="0" timestamp="2023-06-08T19:29:14 IST" skipped="0">
  <testcase classname="Runner.NewExcelTestRunner" name="test" time="2527.529"/>
  <system-out/>
</testsuite> <!-- Runner.NewExcelTestRunner -->
