<?xml version="1.0" encoding="UTF-8"?>
<!-- Generated by org.testng.reporters.JUnitReportReporter -->
<testsuite hostname="DESKTOP-PSK9T3U" failures="0" tests="1" name="Runner.NewExcelTestRunner" time="51.014" errors="0" timestamp="2023-05-18T17:51:56 IST" skipped="0">
  <testcase classname="Runner.NewExcelTestRunner" name="test" time="51.014"/>
  <system-out/>
</testsuite> <!-- Runner.NewExcelTestRunner -->
