<?xml version="1.0" encoding="UTF-8"?>
<!-- Generated by org.testng.reporters.JUnitReportReporter -->
<testsuite hostname="DESKTOP-PSK9T3G" failures="0" tests="1" name="Runner.TestApplication" time="137.009" errors="0" timestamp="2023-06-16T12:45:38 IST" skipped="0">
  <testcase classname="Runner.TestApplication" name="runScenario" time="137.009"/>
  <system-out/>
</testsuite> <!-- Runner.TestApplication -->
