<?xml version="1.0" encoding="UTF-8"?>
<!-- Generated by org.testng.reporters.JUnitReportReporter -->
<testsuite hostname="DESKTOP-PSK9T3U" failures="0" tests="1" name="Runner.MultipleTagsRun" time="232.646" errors="0" timestamp="2023-06-16T14:25:56 IST" skipped="0">
  <testcase classname="Runner.MultipleTagsRun" name="test" time="232.646"/>
  <system-out/>
</testsuite> <!-- Runner.MultipleTagsRun -->
