<?xml version="1.0" encoding="UTF-8"?>
<!-- Generated by org.testng.reporters.JUnitReportReporter -->
<testsuite hostname="DESKTOP-PSK9T3U" failures="0" tests="1" name="Runner.NewExcelTestRunner" time="405.949" errors="0" timestamp="2023-06-14T16:46:51 IST" skipped="0">
  <testcase classname="Runner.NewExcelTestRunner" name="test" time="405.949"/>
  <system-out/>
</testsuite> <!-- Runner.NewExcelTestRunner -->
