<?xml version="1.0" encoding="UTF-8"?>
<!-- Generated by org.testng.reporters.JUnitReportReporter -->
<testsuite hostname="DESKTOP-PSK9T3X" failures="0" tests="1" name="Runner.TestApplication" time="50.536" errors="0" timestamp="2023-06-30T12:36:16 IST" skipped="0">
  <testcase classname="Runner.TestApplication" name="runScenario" time="50.536"/>
  <system-out/>
</testsuite> <!-- Runner.TestApplication -->
